<?xml version="1.0" encoding="UTF-8"?>
<testsuites>
  <testsuite name="" tests="2" assertions="10" errors="0" warnings="0" failures="0" skipped="0" time="0.073828">
    <testsuite name="VendorName Test Suite" tests="2" assertions="10" errors="0" warnings="0" failures="0" skipped="0" time="0.073828">
      <testsuite name="Ajuchacko\RazorpayHttp\Tests\RazorpayHttpTest" file="/Users/atom/Desktop/razorpay-http-test/tests/RazorpayHttpTest.php" tests="1" assertions="1" errors="0" warnings="0" failures="0" skipped="0" time="0.069958">
        <testcase name="can_get_fake_payment_gateway_instance" class="Ajuchacko\RazorpayHttp\Tests\RazorpayHttpTest" classname="Ajuchacko.RazorpayHttp.Tests.RazorpayHttpTest" file="/Users/atom/Desktop/razorpay-http-test/tests/RazorpayHttpTest.php" line="18" assertions="1" time="0.069958"/>
      </testsuite>
      <testsuite name="Ajuchacko\RazorpayHttp\Tests\OrderTest" file="/Users/atom/Desktop/razorpay-http-test/tests/OrderTest.php" tests="1" assertions="9" errors="0" warnings="0" failures="0" skipped="0" time="0.003870">
        <testcase name="it_can_create_a_test_order" class="Ajuchacko\RazorpayHttp\Tests\OrderTest" classname="Ajuchacko.RazorpayHttp.Tests.OrderTest" file="/Users/atom/Desktop/razorpay-http-test/tests/OrderTest.php" line="18" assertions="9" time="0.003870"/>
      </testsuite>
    </testsuite>
  </testsuite>
</testsuites>
